<?xml version="1.0" encoding="UTF-8"?>
<testsuite xmlns:xsi="http://www.w3.org/2001/XMLSchema-instance" xsi:noNamespaceSchemaLocation="https://maven.apache.org/surefire/maven-surefire-plugin/xsd/surefire-test-report-3.0.xsd" version="3.0" name="com.example.kafkademo.MessageServiceTest" time="1.056" tests="2" errors="0" skipped="0" failures="0">
  <properties>
    <property name="java.specification.version" value="21"/>
    <property name="sun.jnu.encoding" value="UTF-8"/>
    <property name="java.class.path" value="/Users/khanh/projects/kafka/target/test-classes:/Users/khanh/projects/kafka/target/classes:/Users/khanh/.m2/repository/org/springframework/boot/spring-boot-starter/3.3.8/spring-boot-starter-3.3.8.jar:/Users/khanh/.m2/repository/org/springframework/boot/spring-boot/3.3.8/spring-boot-3.3.8.jar:/Users/khanh/.m2/repository/org/springframework/boot/spring-boot-autoconfigure/3.3.8/spring-boot-autoconfigure-3.3.8.jar:/Users/khanh/.m2/repository/org/springframework/boot/spring-boot-starter-logging/3.3.8/spring-boot-starter-logging-3.3.8.jar:/Users/khanh/.m2/repository/ch/qos/logback/logback-classic/1.5.16/logback-classic-1.5.16.jar:/Users/khanh/.m2/repository/org/apache/logging/log4j/log4j-to-slf4j/2.23.1/log4j-to-slf4j-2.23.1.jar:/Users/khanh/.m2/repository/org/apache/logging/log4j/log4j-api/2.23.1/log4j-api-2.23.1.jar:/Users/khanh/.m2/repository/org/slf4j/jul-to-slf4j/2.0.16/jul-to-slf4j-2.0.16.jar:/Users/khanh/.m2/repository/jakarta/annotation/jakarta.annotation-api/2.1.1/jakarta.annotation-api-2.1.1.jar:/Users/khanh/.m2/repository/org/springframework/spring-core/6.1.16/spring-core-6.1.16.jar:/Users/khanh/.m2/repository/org/springframework/spring-jcl/6.1.16/spring-jcl-6.1.16.jar:/Users/khanh/.m2/repository/org/yaml/snakeyaml/2.2/snakeyaml-2.2.jar:/Users/khanh/.m2/repository/org/springframework/kafka/spring-kafka/3.2.6/spring-kafka-3.2.6.jar:/Users/khanh/.m2/repository/org/springframework/spring-context/6.1.16/spring-context-6.1.16.jar:/Users/khanh/.m2/repository/org/springframework/spring-aop/6.1.16/spring-aop-6.1.16.jar:/Users/khanh/.m2/repository/org/springframework/spring-beans/6.1.16/spring-beans-6.1.16.jar:/Users/khanh/.m2/repository/org/springframework/spring-expression/6.1.16/spring-expression-6.1.16.jar:/Users/khanh/.m2/repository/org/springframework/spring-messaging/6.1.16/spring-messaging-6.1.16.jar:/Users/khanh/.m2/repository/org/springframework/spring-tx/6.1.16/spring-tx-6.1.16.jar:/Users/khanh/.m2/repository/org/springframework/retry/spring-retry/2.0.11/spring-retry-2.0.11.jar:/Users/khanh/.m2/repository/org/apache/kafka/kafka-clients/3.7.2/kafka-clients-3.7.2.jar:/Users/khanh/.m2/repository/com/github/luben/zstd-jni/1.5.6-4/zstd-jni-1.5.6-4.jar:/Users/khanh/.m2/repository/org/lz4/lz4-java/1.8.0/lz4-java-1.8.0.jar:/Users/khanh/.m2/repository/org/xerial/snappy/snappy-java/1.1.10.5/snappy-java-1.1.10.5.jar:/Users/khanh/.m2/repository/org/slf4j/slf4j-api/2.0.16/slf4j-api-2.0.16.jar:/Users/khanh/.m2/repository/io/micrometer/micrometer-observation/1.13.10/micrometer-observation-1.13.10.jar:/Users/khanh/.m2/repository/io/micrometer/micrometer-commons/1.13.10/micrometer-commons-1.13.10.jar:/Users/khanh/.m2/repository/org/springframework/boot/spring-boot-docker-compose/3.3.8/spring-boot-docker-compose-3.3.8.jar:/Users/khanh/.m2/repository/com/fasterxml/jackson/core/jackson-databind/2.17.3/jackson-databind-2.17.3.jar:/Users/khanh/.m2/repository/com/fasterxml/jackson/core/jackson-annotations/2.17.3/jackson-annotations-2.17.3.jar:/Users/khanh/.m2/repository/com/fasterxml/jackson/core/jackson-core/2.17.3/jackson-core-2.17.3.jar:/Users/khanh/.m2/repository/com/fasterxml/jackson/module/jackson-module-parameter-names/2.17.3/jackson-module-parameter-names-2.17.3.jar:/Users/khanh/.m2/repository/org/projectlombok/lombok/1.18.30/lombok-1.18.30.jar:/Users/khanh/.m2/repository/org/junit/jupiter/junit-jupiter-api/5.10.5/junit-jupiter-api-5.10.5.jar:/Users/khanh/.m2/repository/org/opentest4j/opentest4j/1.3.0/opentest4j-1.3.0.jar:/Users/khanh/.m2/repository/org/junit/platform/junit-platform-commons/1.10.5/junit-platform-commons-1.10.5.jar:/Users/khanh/.m2/repository/org/apiguardian/apiguardian-api/1.1.2/apiguardian-api-1.1.2.jar:/Users/khanh/.m2/repository/org/junit/jupiter/junit-jupiter-engine/5.10.5/junit-jupiter-engine-5.10.5.jar:/Users/khanh/.m2/repository/org/junit/platform/junit-platform-engine/1.10.5/junit-platform-engine-1.10.5.jar:/Users/khanh/.m2/repository/org/mockito/mockito-core/5.11.0/mockito-core-5.11.0.jar:/Users/khanh/.m2/repository/net/bytebuddy/byte-buddy/1.14.19/byte-buddy-1.14.19.jar:/Users/khanh/.m2/repository/net/bytebuddy/byte-buddy-agent/1.14.19/byte-buddy-agent-1.14.19.jar:/Users/khanh/.m2/repository/org/objenesis/objenesis/3.3/objenesis-3.3.jar:/Users/khanh/.m2/repository/org/springframework/boot/spring-boot-starter-test/3.3.8/spring-boot-starter-test-3.3.8.jar:/Users/khanh/.m2/repository/org/springframework/boot/spring-boot-test/3.3.8/spring-boot-test-3.3.8.jar:/Users/khanh/.m2/repository/org/springframework/boot/spring-boot-test-autoconfigure/3.3.8/spring-boot-test-autoconfigure-3.3.8.jar:/Users/khanh/.m2/repository/com/jayway/jsonpath/json-path/2.9.0/json-path-2.9.0.jar:/Users/khanh/.m2/repository/jakarta/xml/bind/jakarta.xml.bind-api/4.0.2/jakarta.xml.bind-api-4.0.2.jar:/Users/khanh/.m2/repository/jakarta/activation/jakarta.activation-api/2.1.3/jakarta.activation-api-2.1.3.jar:/Users/khanh/.m2/repository/net/minidev/json-smart/2.5.1/json-smart-2.5.1.jar:/Users/khanh/.m2/repository/net/minidev/accessors-smart/2.5.1/accessors-smart-2.5.1.jar:/Users/khanh/.m2/repository/org/ow2/asm/asm/9.6/asm-9.6.jar:/Users/khanh/.m2/repository/org/assertj/assertj-core/3.25.3/assertj-core-3.25.3.jar:/Users/khanh/.m2/repository/org/awaitility/awaitility/4.2.2/awaitility-4.2.2.jar:/Users/khanh/.m2/repository/org/hamcrest/hamcrest/2.2/hamcrest-2.2.jar:/Users/khanh/.m2/repository/org/junit/jupiter/junit-jupiter/5.10.5/junit-jupiter-5.10.5.jar:/Users/khanh/.m2/repository/org/junit/jupiter/junit-jupiter-params/5.10.5/junit-jupiter-params-5.10.5.jar:/Users/khanh/.m2/repository/org/mockito/mockito-junit-jupiter/5.11.0/mockito-junit-jupiter-5.11.0.jar:/Users/khanh/.m2/repository/org/skyscreamer/jsonassert/1.5.3/jsonassert-1.5.3.jar:/Users/khanh/.m2/repository/com/vaadin/external/google/android-json/0.0.20131108.vaadin1/android-json-0.0.20131108.vaadin1.jar:/Users/khanh/.m2/repository/org/springframework/spring-test/6.1.16/spring-test-6.1.16.jar:/Users/khanh/.m2/repository/org/xmlunit/xmlunit-core/2.9.1/xmlunit-core-2.9.1.jar:/Users/khanh/.m2/repository/org/springframework/kafka/spring-kafka-test/3.2.6/spring-kafka-test-3.2.6.jar:/Users/khanh/.m2/repository/org/apache/zookeeper/zookeeper/3.8.4/zookeeper-3.8.4.jar:/Users/khanh/.m2/repository/org/apache/zookeeper/zookeeper-jute/3.8.4/zookeeper-jute-3.8.4.jar:/Users/khanh/.m2/repository/org/apache/yetus/audience-annotations/0.12.0/audience-annotations-0.12.0.jar:/Users/khanh/.m2/repository/io/netty/netty-handler/4.1.117.Final/netty-handler-4.1.117.Final.jar:/Users/khanh/.m2/repository/io/netty/netty-common/4.1.117.Final/netty-common-4.1.117.Final.jar:/Users/khanh/.m2/repository/io/netty/netty-resolver/4.1.117.Final/netty-resolver-4.1.117.Final.jar:/Users/khanh/.m2/repository/io/netty/netty-buffer/4.1.117.Final/netty-buffer-4.1.117.Final.jar:/Users/khanh/.m2/repository/io/netty/netty-transport/4.1.117.Final/netty-transport-4.1.117.Final.jar:/Users/khanh/.m2/repository/io/netty/netty-transport-native-unix-common/4.1.117.Final/netty-transport-native-unix-common-4.1.117.Final.jar:/Users/khanh/.m2/repository/io/netty/netty-codec/4.1.117.Final/netty-codec-4.1.117.Final.jar:/Users/khanh/.m2/repository/io/netty/netty-transport-native-epoll/4.1.117.Final/netty-transport-native-epoll-4.1.117.Final.jar:/Users/khanh/.m2/repository/io/netty/netty-transport-classes-epoll/4.1.117.Final/netty-transport-classes-epoll-4.1.117.Final.jar:/Users/khanh/.m2/repository/ch/qos/logback/logback-core/1.5.16/logback-core-1.5.16.jar:/Users/khanh/.m2/repository/commons-io/commons-io/2.11.0/commons-io-2.11.0.jar:/Users/khanh/.m2/repository/org/apache/kafka/kafka-clients/3.7.2/kafka-clients-3.7.2-test.jar:/Users/khanh/.m2/repository/org/apache/kafka/kafka-metadata/3.7.2/kafka-metadata-3.7.2.jar:/Users/khanh/.m2/repository/org/apache/kafka/kafka-raft/3.7.2/kafka-raft-3.7.2.jar:/Users/khanh/.m2/repository/com/fasterxml/jackson/datatype/jackson-datatype-jdk8/2.17.3/jackson-datatype-jdk8-2.17.3.jar:/Users/khanh/.m2/repository/com/yammer/metrics/metrics-core/2.2.0/metrics-core-2.2.0.jar:/Users/khanh/.m2/repository/org/apache/kafka/kafka-server-common/3.7.2/kafka-server-common-3.7.2.jar:/Users/khanh/.m2/repository/net/sf/jopt-simple/jopt-simple/5.0.4/jopt-simple-5.0.4.jar:/Users/khanh/.m2/repository/org/pcollections/pcollections/4.0.1/pcollections-4.0.1.jar:/Users/khanh/.m2/repository/org/apache/kafka/kafka-server-common/3.7.2/kafka-server-common-3.7.2-test.jar:/Users/khanh/.m2/repository/org/apache/kafka/kafka-streams-test-utils/3.7.2/kafka-streams-test-utils-3.7.2.jar:/Users/khanh/.m2/repository/org/apache/kafka/kafka-streams/3.7.2/kafka-streams-3.7.2.jar:/Users/khanh/.m2/repository/org/rocksdb/rocksdbjni/7.9.2/rocksdbjni-7.9.2.jar:/Users/khanh/.m2/repository/org/apache/kafka/kafka_2.13/3.7.2/kafka_2.13-3.7.2.jar:/Users/khanh/.m2/repository/org/scala-lang/scala-library/2.13.12/scala-library-2.13.12.jar:/Users/khanh/.m2/repository/org/apache/kafka/kafka-group-coordinator/3.7.2/kafka-group-coordinator-3.7.2.jar:/Users/khanh/.m2/repository/org/apache/kafka/kafka-storage-api/3.7.2/kafka-storage-api-3.7.2.jar:/Users/khanh/.m2/repository/org/apache/kafka/kafka-tools-api/3.7.2/kafka-tools-api-3.7.2.jar:/Users/khanh/.m2/repository/org/apache/kafka/kafka-storage/3.7.2/kafka-storage-3.7.2.jar:/Users/khanh/.m2/repository/com/github/ben-manes/caffeine/caffeine/3.1.8/caffeine-3.1.8.jar:/Users/khanh/.m2/repository/org/checkerframework/checker-qual/3.37.0/checker-qual-3.37.0.jar:/Users/khanh/.m2/repository/com/google/errorprone/error_prone_annotations/2.21.1/error_prone_annotations-2.21.1.jar:/Users/khanh/.m2/repository/org/apache/kafka/kafka-server/3.7.2/kafka-server-3.7.2.jar:/Users/khanh/.m2/repository/net/sourceforge/argparse4j/argparse4j/0.7.0/argparse4j-0.7.0.jar:/Users/khanh/.m2/repository/commons-validator/commons-validator/1.7/commons-validator-1.7.jar:/Users/khanh/.m2/repository/commons-beanutils/commons-beanutils/1.9.4/commons-beanutils-1.9.4.jar:/Users/khanh/.m2/repository/commons-digester/commons-digester/2.1/commons-digester-2.1.jar:/Users/khanh/.m2/repository/commons-collections/commons-collections/3.2.2/commons-collections-3.2.2.jar:/Users/khanh/.m2/repository/com/fasterxml/jackson/module/jackson-module-scala_2.13/2.17.3/jackson-module-scala_2.13-2.17.3.jar:/Users/khanh/.m2/repository/com/thoughtworks/paranamer/paranamer/2.8/paranamer-2.8.jar:/Users/khanh/.m2/repository/com/fasterxml/jackson/dataformat/jackson-dataformat-csv/2.17.3/jackson-dataformat-csv-2.17.3.jar:/Users/khanh/.m2/repository/org/bitbucket/b_c/jose4j/0.9.4/jose4j-0.9.4.jar:/Users/khanh/.m2/repository/org/scala-lang/modules/scala-collection-compat_2.13/2.10.0/scala-collection-compat_2.13-2.10.0.jar:/Users/khanh/.m2/repository/org/scala-lang/modules/scala-java8-compat_2.13/1.0.2/scala-java8-compat_2.13-1.0.2.jar:/Users/khanh/.m2/repository/org/scala-lang/scala-reflect/2.13.12/scala-reflect-2.13.12.jar:/Users/khanh/.m2/repository/com/typesafe/scala-logging/scala-logging_2.13/3.9.4/scala-logging_2.13-3.9.4.jar:/Users/khanh/.m2/repository/io/dropwizard/metrics/metrics-core/4.1.12.1/metrics-core-4.1.12.1.jar:/Users/khanh/.m2/repository/commons-cli/commons-cli/1.4/commons-cli-1.4.jar:/Users/khanh/.m2/repository/org/apache/kafka/kafka_2.13/3.7.2/kafka_2.13-3.7.2-test.jar:/Users/khanh/.m2/repository/org/junit/platform/junit-platform-launcher/1.10.5/junit-platform-launcher-1.10.5.jar:"/>
    <property name="java.vm.vendor" value="Oracle Corporation"/>
    <property name="sun.arch.data.model" value="64"/>
    <property name="java.vendor.url" value="https://java.oracle.com/"/>
    <property name="user.timezone" value="America/New_York"/>
    <property name="os.name" value="Mac OS X"/>
    <property name="java.vm.specification.version" value="21"/>
    <property name="sun.java.launcher" value="SUN_STANDARD"/>
    <property name="user.country" value="US"/>
    <property name="sun.boot.library.path" value="/Library/Java/JavaVirtualMachines/jdk-21.jdk/Contents/Home/lib"/>
    <property name="sun.java.command" value="/Users/khanh/projects/kafka/target/surefire/surefirebooter-20250127195445515_3.jar /Users/khanh/projects/kafka/target/surefire 2025-01-27T19-54-45_442-jvmRun1 surefire-20250127195445515_1tmp surefire_0-20250127195445515_2tmp"/>
    <property name="http.nonProxyHosts" value="local|*.local|169.254/16|*.169.254/16"/>
    <property name="jdk.debug" value="release"/>
    <property name="surefire.test.class.path" value="/Users/khanh/projects/kafka/target/test-classes:/Users/khanh/projects/kafka/target/classes:/Users/khanh/.m2/repository/org/springframework/boot/spring-boot-starter/3.3.8/spring-boot-starter-3.3.8.jar:/Users/khanh/.m2/repository/org/springframework/boot/spring-boot/3.3.8/spring-boot-3.3.8.jar:/Users/khanh/.m2/repository/org/springframework/boot/spring-boot-autoconfigure/3.3.8/spring-boot-autoconfigure-3.3.8.jar:/Users/khanh/.m2/repository/org/springframework/boot/spring-boot-starter-logging/3.3.8/spring-boot-starter-logging-3.3.8.jar:/Users/khanh/.m2/repository/ch/qos/logback/logback-classic/1.5.16/logback-classic-1.5.16.jar:/Users/khanh/.m2/repository/org/apache/logging/log4j/log4j-to-slf4j/2.23.1/log4j-to-slf4j-2.23.1.jar:/Users/khanh/.m2/repository/org/apache/logging/log4j/log4j-api/2.23.1/log4j-api-2.23.1.jar:/Users/khanh/.m2/repository/org/slf4j/jul-to-slf4j/2.0.16/jul-to-slf4j-2.0.16.jar:/Users/khanh/.m2/repository/jakarta/annotation/jakarta.annotation-api/2.1.1/jakarta.annotation-api-2.1.1.jar:/Users/khanh/.m2/repository/org/springframework/spring-core/6.1.16/spring-core-6.1.16.jar:/Users/khanh/.m2/repository/org/springframework/spring-jcl/6.1.16/spring-jcl-6.1.16.jar:/Users/khanh/.m2/repository/org/yaml/snakeyaml/2.2/snakeyaml-2.2.jar:/Users/khanh/.m2/repository/org/springframework/kafka/spring-kafka/3.2.6/spring-kafka-3.2.6.jar:/Users/khanh/.m2/repository/org/springframework/spring-context/6.1.16/spring-context-6.1.16.jar:/Users/khanh/.m2/repository/org/springframework/spring-aop/6.1.16/spring-aop-6.1.16.jar:/Users/khanh/.m2/repository/org/springframework/spring-beans/6.1.16/spring-beans-6.1.16.jar:/Users/khanh/.m2/repository/org/springframework/spring-expression/6.1.16/spring-expression-6.1.16.jar:/Users/khanh/.m2/repository/org/springframework/spring-messaging/6.1.16/spring-messaging-6.1.16.jar:/Users/khanh/.m2/repository/org/springframework/spring-tx/6.1.16/spring-tx-6.1.16.jar:/Users/khanh/.m2/repository/org/springframework/retry/spring-retry/2.0.11/spring-retry-2.0.11.jar:/Users/khanh/.m2/repository/org/apache/kafka/kafka-clients/3.7.2/kafka-clients-3.7.2.jar:/Users/khanh/.m2/repository/com/github/luben/zstd-jni/1.5.6-4/zstd-jni-1.5.6-4.jar:/Users/khanh/.m2/repository/org/lz4/lz4-java/1.8.0/lz4-java-1.8.0.jar:/Users/khanh/.m2/repository/org/xerial/snappy/snappy-java/1.1.10.5/snappy-java-1.1.10.5.jar:/Users/khanh/.m2/repository/org/slf4j/slf4j-api/2.0.16/slf4j-api-2.0.16.jar:/Users/khanh/.m2/repository/io/micrometer/micrometer-observation/1.13.10/micrometer-observation-1.13.10.jar:/Users/khanh/.m2/repository/io/micrometer/micrometer-commons/1.13.10/micrometer-commons-1.13.10.jar:/Users/khanh/.m2/repository/org/springframework/boot/spring-boot-docker-compose/3.3.8/spring-boot-docker-compose-3.3.8.jar:/Users/khanh/.m2/repository/com/fasterxml/jackson/core/jackson-databind/2.17.3/jackson-databind-2.17.3.jar:/Users/khanh/.m2/repository/com/fasterxml/jackson/core/jackson-annotations/2.17.3/jackson-annotations-2.17.3.jar:/Users/khanh/.m2/repository/com/fasterxml/jackson/core/jackson-core/2.17.3/jackson-core-2.17.3.jar:/Users/khanh/.m2/repository/com/fasterxml/jackson/module/jackson-module-parameter-names/2.17.3/jackson-module-parameter-names-2.17.3.jar:/Users/khanh/.m2/repository/org/projectlombok/lombok/1.18.30/lombok-1.18.30.jar:/Users/khanh/.m2/repository/org/junit/jupiter/junit-jupiter-api/5.10.5/junit-jupiter-api-5.10.5.jar:/Users/khanh/.m2/repository/org/opentest4j/opentest4j/1.3.0/opentest4j-1.3.0.jar:/Users/khanh/.m2/repository/org/junit/platform/junit-platform-commons/1.10.5/junit-platform-commons-1.10.5.jar:/Users/khanh/.m2/repository/org/apiguardian/apiguardian-api/1.1.2/apiguardian-api-1.1.2.jar:/Users/khanh/.m2/repository/org/junit/jupiter/junit-jupiter-engine/5.10.5/junit-jupiter-engine-5.10.5.jar:/Users/khanh/.m2/repository/org/junit/platform/junit-platform-engine/1.10.5/junit-platform-engine-1.10.5.jar:/Users/khanh/.m2/repository/org/mockito/mockito-core/5.11.0/mockito-core-5.11.0.jar:/Users/khanh/.m2/repository/net/bytebuddy/byte-buddy/1.14.19/byte-buddy-1.14.19.jar:/Users/khanh/.m2/repository/net/bytebuddy/byte-buddy-agent/1.14.19/byte-buddy-agent-1.14.19.jar:/Users/khanh/.m2/repository/org/objenesis/objenesis/3.3/objenesis-3.3.jar:/Users/khanh/.m2/repository/org/springframework/boot/spring-boot-starter-test/3.3.8/spring-boot-starter-test-3.3.8.jar:/Users/khanh/.m2/repository/org/springframework/boot/spring-boot-test/3.3.8/spring-boot-test-3.3.8.jar:/Users/khanh/.m2/repository/org/springframework/boot/spring-boot-test-autoconfigure/3.3.8/spring-boot-test-autoconfigure-3.3.8.jar:/Users/khanh/.m2/repository/com/jayway/jsonpath/json-path/2.9.0/json-path-2.9.0.jar:/Users/khanh/.m2/repository/jakarta/xml/bind/jakarta.xml.bind-api/4.0.2/jakarta.xml.bind-api-4.0.2.jar:/Users/khanh/.m2/repository/jakarta/activation/jakarta.activation-api/2.1.3/jakarta.activation-api-2.1.3.jar:/Users/khanh/.m2/repository/net/minidev/json-smart/2.5.1/json-smart-2.5.1.jar:/Users/khanh/.m2/repository/net/minidev/accessors-smart/2.5.1/accessors-smart-2.5.1.jar:/Users/khanh/.m2/repository/org/ow2/asm/asm/9.6/asm-9.6.jar:/Users/khanh/.m2/repository/org/assertj/assertj-core/3.25.3/assertj-core-3.25.3.jar:/Users/khanh/.m2/repository/org/awaitility/awaitility/4.2.2/awaitility-4.2.2.jar:/Users/khanh/.m2/repository/org/hamcrest/hamcrest/2.2/hamcrest-2.2.jar:/Users/khanh/.m2/repository/org/junit/jupiter/junit-jupiter/5.10.5/junit-jupiter-5.10.5.jar:/Users/khanh/.m2/repository/org/junit/jupiter/junit-jupiter-params/5.10.5/junit-jupiter-params-5.10.5.jar:/Users/khanh/.m2/repository/org/mockito/mockito-junit-jupiter/5.11.0/mockito-junit-jupiter-5.11.0.jar:/Users/khanh/.m2/repository/org/skyscreamer/jsonassert/1.5.3/jsonassert-1.5.3.jar:/Users/khanh/.m2/repository/com/vaadin/external/google/android-json/0.0.20131108.vaadin1/android-json-0.0.20131108.vaadin1.jar:/Users/khanh/.m2/repository/org/springframework/spring-test/6.1.16/spring-test-6.1.16.jar:/Users/khanh/.m2/repository/org/xmlunit/xmlunit-core/2.9.1/xmlunit-core-2.9.1.jar:/Users/khanh/.m2/repository/org/springframework/kafka/spring-kafka-test/3.2.6/spring-kafka-test-3.2.6.jar:/Users/khanh/.m2/repository/org/apache/zookeeper/zookeeper/3.8.4/zookeeper-3.8.4.jar:/Users/khanh/.m2/repository/org/apache/zookeeper/zookeeper-jute/3.8.4/zookeeper-jute-3.8.4.jar:/Users/khanh/.m2/repository/org/apache/yetus/audience-annotations/0.12.0/audience-annotations-0.12.0.jar:/Users/khanh/.m2/repository/io/netty/netty-handler/4.1.117.Final/netty-handler-4.1.117.Final.jar:/Users/khanh/.m2/repository/io/netty/netty-common/4.1.117.Final/netty-common-4.1.117.Final.jar:/Users/khanh/.m2/repository/io/netty/netty-resolver/4.1.117.Final/netty-resolver-4.1.117.Final.jar:/Users/khanh/.m2/repository/io/netty/netty-buffer/4.1.117.Final/netty-buffer-4.1.117.Final.jar:/Users/khanh/.m2/repository/io/netty/netty-transport/4.1.117.Final/netty-transport-4.1.117.Final.jar:/Users/khanh/.m2/repository/io/netty/netty-transport-native-unix-common/4.1.117.Final/netty-transport-native-unix-common-4.1.117.Final.jar:/Users/khanh/.m2/repository/io/netty/netty-codec/4.1.117.Final/netty-codec-4.1.117.Final.jar:/Users/khanh/.m2/repository/io/netty/netty-transport-native-epoll/4.1.117.Final/netty-transport-native-epoll-4.1.117.Final.jar:/Users/khanh/.m2/repository/io/netty/netty-transport-classes-epoll/4.1.117.Final/netty-transport-classes-epoll-4.1.117.Final.jar:/Users/khanh/.m2/repository/ch/qos/logback/logback-core/1.5.16/logback-core-1.5.16.jar:/Users/khanh/.m2/repository/commons-io/commons-io/2.11.0/commons-io-2.11.0.jar:/Users/khanh/.m2/repository/org/apache/kafka/kafka-clients/3.7.2/kafka-clients-3.7.2-test.jar:/Users/khanh/.m2/repository/org/apache/kafka/kafka-metadata/3.7.2/kafka-metadata-3.7.2.jar:/Users/khanh/.m2/repository/org/apache/kafka/kafka-raft/3.7.2/kafka-raft-3.7.2.jar:/Users/khanh/.m2/repository/com/fasterxml/jackson/datatype/jackson-datatype-jdk8/2.17.3/jackson-datatype-jdk8-2.17.3.jar:/Users/khanh/.m2/repository/com/yammer/metrics/metrics-core/2.2.0/metrics-core-2.2.0.jar:/Users/khanh/.m2/repository/org/apache/kafka/kafka-server-common/3.7.2/kafka-server-common-3.7.2.jar:/Users/khanh/.m2/repository/net/sf/jopt-simple/jopt-simple/5.0.4/jopt-simple-5.0.4.jar:/Users/khanh/.m2/repository/org/pcollections/pcollections/4.0.1/pcollections-4.0.1.jar:/Users/khanh/.m2/repository/org/apache/kafka/kafka-server-common/3.7.2/kafka-server-common-3.7.2-test.jar:/Users/khanh/.m2/repository/org/apache/kafka/kafka-streams-test-utils/3.7.2/kafka-streams-test-utils-3.7.2.jar:/Users/khanh/.m2/repository/org/apache/kafka/kafka-streams/3.7.2/kafka-streams-3.7.2.jar:/Users/khanh/.m2/repository/org/rocksdb/rocksdbjni/7.9.2/rocksdbjni-7.9.2.jar:/Users/khanh/.m2/repository/org/apache/kafka/kafka_2.13/3.7.2/kafka_2.13-3.7.2.jar:/Users/khanh/.m2/repository/org/scala-lang/scala-library/2.13.12/scala-library-2.13.12.jar:/Users/khanh/.m2/repository/org/apache/kafka/kafka-group-coordinator/3.7.2/kafka-group-coordinator-3.7.2.jar:/Users/khanh/.m2/repository/org/apache/kafka/kafka-storage-api/3.7.2/kafka-storage-api-3.7.2.jar:/Users/khanh/.m2/repository/org/apache/kafka/kafka-tools-api/3.7.2/kafka-tools-api-3.7.2.jar:/Users/khanh/.m2/repository/org/apache/kafka/kafka-storage/3.7.2/kafka-storage-3.7.2.jar:/Users/khanh/.m2/repository/com/github/ben-manes/caffeine/caffeine/3.1.8/caffeine-3.1.8.jar:/Users/khanh/.m2/repository/org/checkerframework/checker-qual/3.37.0/checker-qual-3.37.0.jar:/Users/khanh/.m2/repository/com/google/errorprone/error_prone_annotations/2.21.1/error_prone_annotations-2.21.1.jar:/Users/khanh/.m2/repository/org/apache/kafka/kafka-server/3.7.2/kafka-server-3.7.2.jar:/Users/khanh/.m2/repository/net/sourceforge/argparse4j/argparse4j/0.7.0/argparse4j-0.7.0.jar:/Users/khanh/.m2/repository/commons-validator/commons-validator/1.7/commons-validator-1.7.jar:/Users/khanh/.m2/repository/commons-beanutils/commons-beanutils/1.9.4/commons-beanutils-1.9.4.jar:/Users/khanh/.m2/repository/commons-digester/commons-digester/2.1/commons-digester-2.1.jar:/Users/khanh/.m2/repository/commons-collections/commons-collections/3.2.2/commons-collections-3.2.2.jar:/Users/khanh/.m2/repository/com/fasterxml/jackson/module/jackson-module-scala_2.13/2.17.3/jackson-module-scala_2.13-2.17.3.jar:/Users/khanh/.m2/repository/com/thoughtworks/paranamer/paranamer/2.8/paranamer-2.8.jar:/Users/khanh/.m2/repository/com/fasterxml/jackson/dataformat/jackson-dataformat-csv/2.17.3/jackson-dataformat-csv-2.17.3.jar:/Users/khanh/.m2/repository/org/bitbucket/b_c/jose4j/0.9.4/jose4j-0.9.4.jar:/Users/khanh/.m2/repository/org/scala-lang/modules/scala-collection-compat_2.13/2.10.0/scala-collection-compat_2.13-2.10.0.jar:/Users/khanh/.m2/repository/org/scala-lang/modules/scala-java8-compat_2.13/1.0.2/scala-java8-compat_2.13-1.0.2.jar:/Users/khanh/.m2/repository/org/scala-lang/scala-reflect/2.13.12/scala-reflect-2.13.12.jar:/Users/khanh/.m2/repository/com/typesafe/scala-logging/scala-logging_2.13/3.9.4/scala-logging_2.13-3.9.4.jar:/Users/khanh/.m2/repository/io/dropwizard/metrics/metrics-core/4.1.12.1/metrics-core-4.1.12.1.jar:/Users/khanh/.m2/repository/commons-cli/commons-cli/1.4/commons-cli-1.4.jar:/Users/khanh/.m2/repository/org/apache/kafka/kafka_2.13/3.7.2/kafka_2.13-3.7.2-test.jar:/Users/khanh/.m2/repository/org/junit/platform/junit-platform-launcher/1.10.5/junit-platform-launcher-1.10.5.jar:"/>
    <property name="sun.cpu.endian" value="little"/>
    <property name="user.home" value="/Users/khanh"/>
    <property name="user.language" value="en"/>
    <property name="java.specification.vendor" value="Oracle Corporation"/>
    <property name="java.version.date" value="2024-10-15"/>
    <property name="java.home" value="/Library/Java/JavaVirtualMachines/jdk-21.jdk/Contents/Home"/>
    <property name="file.separator" value="/"/>
    <property name="basedir" value="/Users/khanh/projects/kafka"/>
    <property name="java.vm.compressedOopsMode" value="Zero based"/>
    <property name="line.separator" value="&#10;"/>
    <property name="java.vm.specification.vendor" value="Oracle Corporation"/>
    <property name="java.specification.name" value="Java Platform API Specification"/>
    <property name="apple.awt.application.name" value="ForkedBooter"/>
    <property name="surefire.real.class.path" value="/Users/khanh/projects/kafka/target/surefire/surefirebooter-20250127195445515_3.jar"/>
    <property name="sun.management.compiler" value="HotSpot 64-Bit Tiered Compilers"/>
    <property name="ftp.nonProxyHosts" value="local|*.local|169.254/16|*.169.254/16"/>
    <property name="java.runtime.version" value="21.0.5+9-LTS-239"/>
    <property name="user.name" value="khanh"/>
    <property name="stdout.encoding" value="UTF-8"/>
    <property name="path.separator" value=":"/>
    <property name="os.version" value="15.1.1"/>
    <property name="java.runtime.name" value="Java(TM) SE Runtime Environment"/>
    <property name="file.encoding" value="UTF-8"/>
    <property name="java.vm.name" value="Java HotSpot(TM) 64-Bit Server VM"/>
    <property name="localRepository" value="/Users/khanh/.m2/repository"/>
    <property name="java.vendor.url.bug" value="https://bugreport.java.com/bugreport/"/>
    <property name="java.io.tmpdir" value="/var/folders/rb/gb7w1sbn29d7_rngkjlxgb4h0000gn/T/"/>
    <property name="java.version" value="21.0.5"/>
    <property name="user.dir" value="/Users/khanh/projects/kafka"/>
    <property name="os.arch" value="x86_64"/>
    <property name="java.vm.specification.name" value="Java Virtual Machine Specification"/>
    <property name="native.encoding" value="UTF-8"/>
    <property name="java.library.path" value="/Users/khanh/Library/Java/Extensions:/Library/Java/Extensions:/Network/Library/Java/Extensions:/System/Library/Java/Extensions:/usr/lib/java:."/>
    <property name="java.vm.info" value="mixed mode, sharing"/>
    <property name="stderr.encoding" value="UTF-8"/>
    <property name="java.vendor" value="Oracle Corporation"/>
    <property name="java.vm.version" value="21.0.5+9-LTS-239"/>
    <property name="sun.io.unicode.encoding" value="UnicodeBig"/>
    <property name="socksNonProxyHosts" value="local|*.local|169.254/16|*.169.254/16"/>
    <property name="java.class.version" value="65.0"/>
  </properties>
  <testcase name="testSendMessage_Success" classname="com.example.kafkademo.MessageServiceTest" time="1.001">
    <system-out><![CDATA[19:54:47.051 [main] INFO com.example.kafkademo.MessageService -- Send success Mock for SendResult, hashCode: 1206180304
]]></system-out>
    <system-err><![CDATA[Jan 27, 2025 7:54:45 PM org.junit.platform.launcher.core.LauncherConfigurationParameters loadClasspathResource
WARNING: Discovered 2 'junit-platform.properties' configuration files in the classpath; only the first will be used.
Jan 27, 2025 7:54:45 PM org.junit.platform.launcher.core.LauncherConfigurationParameters loadClasspathResource
WARNING: Discovered 2 'junit-platform.properties' configuration files in the classpath; only the first will be used.
Jan 27, 2025 7:54:45 PM org.junit.platform.launcher.core.LauncherConfigurationParameters loadClasspathResource
WARNING: Discovered 2 'junit-platform.properties' configuration files in the classpath; only the first will be used.
WARNING: A Java agent has been loaded dynamically (/Users/khanh/.m2/repository/net/bytebuddy/byte-buddy-agent/1.14.19/byte-buddy-agent-1.14.19.jar)
WARNING: If a serviceability tool is in use, please run with -XX:+EnableDynamicAgentLoading to hide this warning
WARNING: If a serviceability tool is not in use, please run with -Djdk.instrument.traceUsage for more information
WARNING: Dynamic loading of agents will be disallowed by default in a future release
]]></system-err>
  </testcase>
  <testcase name="testSendMessage_Failure" classname="com.example.kafkademo.MessageServiceTest" time="0.015">
    <system-out><![CDATA[19:54:47.111 [main] ERROR com.example.kafkademo.MessageService -- Send failure null
java.lang.RuntimeException: Kafka failure
	at com.example.kafkademo.MessageServiceTest.testSendMessage_Failure(MessageServiceTest.java:52)
	at java.base/jdk.internal.reflect.DirectMethodHandleAccessor.invoke(DirectMethodHandleAccessor.java:103)
	at java.base/java.lang.reflect.Method.invoke(Method.java:580)
	at org.junit.platform.commons.util.ReflectionUtils.invokeMethod(ReflectionUtils.java:728)
	at org.junit.jupiter.engine.execution.MethodInvocation.proceed(MethodInvocation.java:60)
	at org.junit.jupiter.engine.execution.InvocationInterceptorChain$ValidatingInvocation.proceed(InvocationInterceptorChain.java:131)
	at org.junit.jupiter.engine.extension.TimeoutExtension.intercept(TimeoutExtension.java:156)
	at org.junit.jupiter.engine.extension.TimeoutExtension.interceptTestableMethod(TimeoutExtension.java:147)
	at org.junit.jupiter.engine.extension.TimeoutExtension.interceptTestMethod(TimeoutExtension.java:86)
	at org.junit.jupiter.engine.execution.InterceptingExecutableInvoker$ReflectiveInterceptorCall.lambda$ofVoidMethod$0(InterceptingExecutableInvoker.java:103)
	at org.junit.jupiter.engine.execution.InterceptingExecutableInvoker.lambda$invoke$0(InterceptingExecutableInvoker.java:93)
	at org.junit.jupiter.engine.execution.InvocationInterceptorChain$InterceptedInvocation.proceed(InvocationInterceptorChain.java:106)
	at org.junit.jupiter.engine.execution.InvocationInterceptorChain.proceed(InvocationInterceptorChain.java:64)
	at org.junit.jupiter.engine.execution.InvocationInterceptorChain.chainAndInvoke(InvocationInterceptorChain.java:45)
	at org.junit.jupiter.engine.execution.InvocationInterceptorChain.invoke(InvocationInterceptorChain.java:37)
	at org.junit.jupiter.engine.execution.InterceptingExecutableInvoker.invoke(InterceptingExecutableInvoker.java:92)
	at org.junit.jupiter.engine.execution.InterceptingExecutableInvoker.invoke(InterceptingExecutableInvoker.java:86)
	at org.junit.jupiter.engine.descriptor.TestMethodTestDescriptor.lambda$invokeTestMethod$7(TestMethodTestDescriptor.java:218)
	at org.junit.platform.engine.support.hierarchical.ThrowableCollector.execute(ThrowableCollector.java:73)
	at org.junit.jupiter.engine.descriptor.TestMethodTestDescriptor.invokeTestMethod(TestMethodTestDescriptor.java:214)
	at org.junit.jupiter.engine.descriptor.TestMethodTestDescriptor.execute(TestMethodTestDescriptor.java:139)
	at org.junit.jupiter.engine.descriptor.TestMethodTestDescriptor.execute(TestMethodTestDescriptor.java:69)
	at org.junit.platform.engine.support.hierarchical.NodeTestTask.lambda$executeRecursively$6(NodeTestTask.java:156)
	at org.junit.platform.engine.support.hierarchical.ThrowableCollector.execute(ThrowableCollector.java:73)
	at org.junit.platform.engine.support.hierarchical.NodeTestTask.lambda$executeRecursively$8(NodeTestTask.java:146)
	at org.junit.platform.engine.support.hierarchical.Node.around(Node.java:137)
	at org.junit.platform.engine.support.hierarchical.NodeTestTask.lambda$executeRecursively$9(NodeTestTask.java:144)
	at org.junit.platform.engine.support.hierarchical.ThrowableCollector.execute(ThrowableCollector.java:73)
	at org.junit.platform.engine.support.hierarchical.NodeTestTask.executeRecursively(NodeTestTask.java:143)
	at org.junit.platform.engine.support.hierarchical.NodeTestTask.execute(NodeTestTask.java:100)
	at java.base/java.util.ArrayList.forEach(ArrayList.java:1596)
	at org.junit.platform.engine.support.hierarchical.SameThreadHierarchicalTestExecutorService.invokeAll(SameThreadHierarchicalTestExecutorService.java:41)
	at org.junit.platform.engine.support.hierarchical.NodeTestTask.lambda$executeRecursively$6(NodeTestTask.java:160)
	at org.junit.platform.engine.support.hierarchical.ThrowableCollector.execute(ThrowableCollector.java:73)
	at org.junit.platform.engine.support.hierarchical.NodeTestTask.lambda$executeRecursively$8(NodeTestTask.java:146)
	at org.junit.platform.engine.support.hierarchical.Node.around(Node.java:137)
	at org.junit.platform.engine.support.hierarchical.NodeTestTask.lambda$executeRecursively$9(NodeTestTask.java:144)
	at org.junit.platform.engine.support.hierarchical.ThrowableCollector.execute(ThrowableCollector.java:73)
	at org.junit.platform.engine.support.hierarchical.NodeTestTask.executeRecursively(NodeTestTask.java:143)
	at org.junit.platform.engine.support.hierarchical.NodeTestTask.execute(NodeTestTask.java:100)
	at java.base/java.util.ArrayList.forEach(ArrayList.java:1596)
	at org.junit.platform.engine.support.hierarchical.SameThreadHierarchicalTestExecutorService.invokeAll(SameThreadHierarchicalTestExecutorService.java:41)
	at org.junit.platform.engine.support.hierarchical.NodeTestTask.lambda$executeRecursively$6(NodeTestTask.java:160)
	at org.junit.platform.engine.support.hierarchical.ThrowableCollector.execute(ThrowableCollector.java:73)
	at org.junit.platform.engine.support.hierarchical.NodeTestTask.lambda$executeRecursively$8(NodeTestTask.java:146)
	at org.junit.platform.engine.support.hierarchical.Node.around(Node.java:137)
	at org.junit.platform.engine.support.hierarchical.NodeTestTask.lambda$executeRecursively$9(NodeTestTask.java:144)
	at org.junit.platform.engine.support.hierarchical.ThrowableCollector.execute(ThrowableCollector.java:73)
	at org.junit.platform.engine.support.hierarchical.NodeTestTask.executeRecursively(NodeTestTask.java:143)
	at org.junit.platform.engine.support.hierarchical.NodeTestTask.execute(NodeTestTask.java:100)
	at org.junit.platform.engine.support.hierarchical.SameThreadHierarchicalTestExecutorService.submit(SameThreadHierarchicalTestExecutorService.java:35)
	at org.junit.platform.engine.support.hierarchical.HierarchicalTestExecutor.execute(HierarchicalTestExecutor.java:57)
	at org.junit.platform.engine.support.hierarchical.HierarchicalTestEngine.execute(HierarchicalTestEngine.java:54)
	at org.junit.platform.launcher.core.EngineExecutionOrchestrator.execute(EngineExecutionOrchestrator.java:198)
	at org.junit.platform.launcher.core.EngineExecutionOrchestrator.execute(EngineExecutionOrchestrator.java:169)
	at org.junit.platform.launcher.core.EngineExecutionOrchestrator.execute(EngineExecutionOrchestrator.java:93)
	at org.junit.platform.launcher.core.EngineExecutionOrchestrator.lambda$execute$0(EngineExecutionOrchestrator.java:58)
	at org.junit.platform.launcher.core.EngineExecutionOrchestrator.withInterceptedStreams(EngineExecutionOrchestrator.java:141)
	at org.junit.platform.launcher.core.EngineExecutionOrchestrator.execute(EngineExecutionOrchestrator.java:57)
	at org.junit.platform.launcher.core.DefaultLauncher.execute(DefaultLauncher.java:103)
	at org.junit.platform.launcher.core.DefaultLauncher.execute(DefaultLauncher.java:85)
	at org.junit.platform.launcher.core.DelegatingLauncher.execute(DelegatingLauncher.java:47)
	at org.apache.maven.surefire.junitplatform.LazyLauncher.execute(LazyLauncher.java:56)
	at org.apache.maven.surefire.junitplatform.JUnitPlatformProvider.execute(JUnitPlatformProvider.java:184)
	at org.apache.maven.surefire.junitplatform.JUnitPlatformProvider.invokeAllTests(JUnitPlatformProvider.java:148)
	at org.apache.maven.surefire.junitplatform.JUnitPlatformProvider.invoke(JUnitPlatformProvider.java:122)
	at org.apache.maven.surefire.booter.ForkedBooter.runSuitesInProcess(ForkedBooter.java:385)
	at org.apache.maven.surefire.booter.ForkedBooter.execute(ForkedBooter.java:162)
	at org.apache.maven.surefire.booter.ForkedBooter.run(ForkedBooter.java:507)
	at org.apache.maven.surefire.booter.ForkedBooter.main(ForkedBooter.java:495)
]]></system-out>
  </testcase>
</testsuite>